# JRE version: 7.0_09-b05
# Java VM: Java HotSpot(TM) 64-Bit Server VM (23.5-b02 mixed mode linux-amd64 compressed oops)
Heap
 PSYoungGen      total 68864K, used 24507K [0x00000007d6ab0000, 0x00000007df710000, 0x0000000800000000)
  eden space 63616K, 30% used [0x00000007d6ab0000,0x00000007d7d85230,0x00000007da8d0000)
  from space 5248K, 99% used [0x00000007da8d0000,0x00000007dade9d98,0x00000007dadf0000)
  to   space 8256K, 0% used [0x00000007def00000,0x00000007def00000,0x00000007df710000)
 ParOldGen       total 84672K, used 3528K [0x0000000784000000, 0x00000007892b0000, 0x00000007d6ab0000)
  object space 84672K, 4% used [0x0000000784000000,0x00000007843721b0,0x00000007892b0000)
 PSPermGen       total 21248K, used 19161K [0x000000077ee00000, 0x00000007802c0000, 0x0000000784000000)
  object space 21248K, 90% used [0x000000077ee00000,0x00000007800b6738,0x00000007802c0000)
GC Heap History (10 events):
Event: 0.501 GC heap before
{Heap before GC invocations=1 (full 0):
 PSYoungGen      total 37056K, used 31808K [0x00000007d6ab0000, 0x00000007d9400000, 0x0000000800000000)
  eden space 31808K, 100% used [0x00000007d6ab0000,0x00000007d89c0000,0x00000007d89c0000)
  from space 5248K, 0% used [0x00000007d8ee0000,0x00000007d8ee0000,0x00000007d9400000)
  to   space 5248K, 0% used [0x00000007d89c0000,0x00000007d89c0000,0x00000007d8ee0000)
 ParOldGen       total 84672K, used 0K [0x0000000784000000, 0x00000007892b0000, 0x00000007d6ab0000)
  object space 84672K, 0% used [0x0000000784000000,0x0000000784000000,0x00000007892b0000)
 PSPermGen       total 21248K, used 5600K [0x000000077ee00000, 0x00000007802c0000, 0x0000000784000000)
  object space 21248K, 26% used [0x000000077ee00000,0x000000077f378028,0x00000007802c0000)
Event: 0.508 GC heap after
Heap after GC invocations=1 (full 0):
 PSYoungGen      total 37056K, used 3591K [0x00000007d6ab0000, 0x00000007db310000, 0x0000000800000000)
  eden space 31808K, 0% used [0x00000007d6ab0000,0x00000007d6ab0000,0x00000007d89c0000)
  from space 5248K, 68% used [0x00000007d89c0000,0x00000007d8d41c08,0x00000007d8ee0000)
  to   space 5248K, 0% used [0x00000007dadf0000,0x00000007dadf0000,0x00000007db310000)
 ParOldGen       total 84672K, used 8K [0x0000000784000000, 0x00000007892b0000, 0x00000007d6ab0000)
  object space 84672K, 0% used [0x0000000784000000,0x0000000784002000,0x00000007892b0000)
 PSPermGen       total 21248K, used 5600K [0x000000077ee00000, 0x00000007802c0000, 0x0000000784000000)
  object space 21248K, 26% used [0x000000077ee00000,0x000000077f378028,0x00000007802c0000)
}
Event: 6.143 GC heap before
{Heap before GC invocations=2 (full 0):
 PSYoungGen      total 37056K, used 35399K [0x00000007d6ab0000, 0x00000007db310000, 0x0000000800000000)
  eden space 31808K, 100% used [0x00000007d6ab0000,0x00000007d89c0000,0x00000007d89c0000)
  from space 5248K, 68% used [0x00000007d89c0000,0x00000007d8d41c08,0x00000007d8ee0000)
  to   space 5248K, 0% used [0x00000007dadf0000,0x00000007dadf0000,0x00000007db310000)
 ParOldGen       total 84672K, used 8K [0x0000000784000000, 0x00000007892b0000, 0x00000007d6ab0000)
  object space 84672K, 0% used [0x0000000784000000,0x0000000784002000,0x00000007892b0000)
 PSPermGen       total 21248K, used 9919K [0x000000077ee00000, 0x00000007802c0000, 0x0000000784000000)
  object space 21248K, 46% used [0x000000077ee00000,0x000000077f7afeb0,0x00000007802c0000)
Event: 6.149 GC heap after
Heap after GC invocations=2 (full 0):
 PSYoungGen      total 36928K, used 5076K [0x00000007d6ab0000, 0x00000007db2f0000, 0x0000000800000000)
  eden space 31808K, 0% used [0x00000007d6ab0000,0x00000007d6ab0000,0x00000007d89c0000)
  from space 5120K, 99% used [0x00000007dadf0000,0x00000007db2e5390,0x00000007db2f0000)
  to   space 5248K, 0% used [0x00000007da8b0000,0x00000007da8b0000,0x00000007dadd0000)
 ParOldGen       total 84672K, used 16K [0x0000000784000000, 0x00000007892b0000, 0x00000007d6ab0000)
  object space 84672K, 0% used [0x0000000784000000,0x0000000784004000,0x00000007892b0000)
 PSPermGen       total 21248K, used 9919K [0x000000077ee00000, 0x00000007802c0000, 0x0000000784000000)
  object space 21248K, 46% used [0x000000077ee00000,0x000000077f7afeb0,0x00000007802c0000)
}
Event: 6.380 GC heap before
{Heap before GC invocations=3 (full 0):
 PSYoungGen      total 36928K, used 36884K [0x00000007d6ab0000, 0x00000007db2f0000, 0x0000000800000000)
  eden space 31808K, 100% used [0x00000007d6ab0000,0x00000007d89c0000,0x00000007d89c0000)
  from space 5120K, 99% used [0x00000007dadf0000,0x00000007db2e5390,0x00000007db2f0000)
  to   space 5248K, 0% used [0x00000007da8b0000,0x00000007da8b0000,0x00000007dadd0000)
 ParOldGen       total 84672K, used 16K [0x0000000784000000, 0x00000007892b0000, 0x00000007d6ab0000)
  object space 84672K, 0% used [0x0000000784000000,0x0000000784004000,0x00000007892b0000)
 PSPermGen       total 21248K, used 12598K [0x000000077ee00000, 0x00000007802c0000, 0x0000000784000000)
  object space 21248K, 59% used [0x000000077ee00000,0x000000077fa4d9b0,0x00000007802c0000)
Event: 6.387 GC heap after
Heap after GC invocations=3 (full 0):
 PSYoungGen      total 68736K, used 4916K [0x00000007d6ab0000, 0x00000007db310000, 0x0000000800000000)
  eden space 63488K, 0% used [0x00000007d6ab0000,0x00000007d6ab0000,0x00000007da8b0000)
  from space 5248K, 93% used [0x00000007da8b0000,0x00000007dad7d220,0x00000007dadd0000)
  to   space 5248K, 0% used [0x00000007dadf0000,0x00000007dadf0000,0x00000007db310000)
 ParOldGen       total 84672K, used 24K [0x0000000784000000, 0x00000007892b0000, 0x00000007d6ab0000)
  object space 84672K, 0% used [0x0000000784000000,0x0000000784006000,0x00000007892b0000)
 PSPermGen       total 21248K, used 12598K [0x000000077ee00000, 0x00000007802c0000, 0x0000000784000000)
  object space 21248K, 59% used [0x000000077ee00000,0x000000077fa4d9b0,0x00000007802c0000)
}
Event: 7.737 GC heap before
{Heap before GC invocations=4 (full 0):
 PSYoungGen      total 68736K, used 68404K [0x00000007d6ab0000, 0x00000007db310000, 0x0000000800000000)
  eden space 63488K, 100% used [0x00000007d6ab0000,0x00000007da8b0000,0x00000007da8b0000)
  from space 5248K, 93% used [0x00000007da8b0000,0x00000007dad7d220,0x00000007dadd0000)
  to   space 5248K, 0% used [0x00000007dadf0000,0x00000007dadf0000,0x00000007db310000)
 ParOldGen       total 84672K, used 24K [0x0000000784000000, 0x00000007892b0000, 0x00000007d6ab0000)
  object space 84672K, 0% used [0x0000000784000000,0x0000000784006000,0x00000007892b0000)
 PSPermGen       total 21248K, used 16257K [0x000000077ee00000, 0x00000007802c0000, 0x0000000784000000)
  object space 21248K, 76% used [0x000000077ee00000,0x000000077fde0418,0x00000007802c0000)
Event: 7.745 GC heap after
Heap after GC invocations=4 (full 0):
 PSYoungGen      total 68864K, used 5234K [0x00000007d6ab0000, 0x00000007df0f0000, 0x0000000800000000)
  eden space 63616K, 0% used [0x00000007d6ab0000,0x00000007d6ab0000,0x00000007da8d0000)
  from space 5248K, 99% used [0x00000007dadf0000,0x00000007db30ca98,0x00000007db310000)
  to   space 5248K, 0% used [0x00000007da8d0000,0x00000007da8d0000,0x00000007dadf0000)
 ParOldGen       total 84672K, used 1578K [0x0000000784000000, 0x00000007892b0000, 0x00000007d6ab0000)
  object space 84672K, 1% used [0x0000000784000000,0x000000078418a968,0x00000007892b0000)
 PSPermGen       total 21248K, used 16257K [0x000000077ee00000, 0x00000007802c0000, 0x0000000784000000)
  object space 21248K, 76% used [0x000000077ee00000,0x000000077fde0418,0x00000007802c0000)
}
Event: 11.678 GC heap before
{Heap before GC invocations=5 (full 0):
 PSYoungGen      total 68864K, used 68850K [0x00000007d6ab0000, 0x00000007df0f0000, 0x0000000800000000)
  eden space 63616K, 100% used [0x00000007d6ab0000,0x00000007da8d0000,0x00000007da8d0000)
  from space 5248K, 99% used [0x00000007dadf0000,0x00000007db30ca98,0x00000007db310000)
  to   space 5248K, 0% used [0x00000007da8d0000,0x00000007da8d0000,0x00000007dadf0000)
 ParOldGen       total 84672K, used 1578K [0x0000000784000000, 0x00000007892b0000, 0x00000007d6ab0000)
  object space 84672K, 1% used [0x0000000784000000,0x000000078418a968,0x00000007892b0000)
 PSPermGen       total 21248K, used 19043K [0x000000077ee00000, 0x00000007802c0000, 0x0000000784000000)
  object space 21248K, 89% used [0x000000077ee00000,0x0000000780098df8,0x00000007802c0000)
Event: 11.686 GC heap after
Heap after GC invocations=5 (full 0):
 PSYoungGen      total 68864K, used 5223K [0x00000007d6ab0000, 0x00000007df710000, 0x0000000800000000)
  eden space 63616K, 0% used [0x00000007d6ab0000,0x00000007d6ab0000,0x00000007da8d0000)
  from space 5248K, 99% used [0x00000007da8d0000,0x00000007dade9d98,0x00000007dadf0000)
  to   space 8256K, 0% used [0x00000007def00000,0x00000007def00000,0x00000007df710000)
 ParOldGen       total 84672K, used 3528K [0x0000000784000000, 0x00000007892b0000, 0x00000007d6ab0000)
  object space 84672K, 4% used [0x0000000784000000,0x00000007843721b0,0x00000007892b0000)
 PSPermGen       total 21248K, used 19043K [0x000000077ee00000, 0x00000007802c0000, 0x0000000784000000)
  object space 21248K, 89% used [0x000000077ee00000,0x0000000780098df8,0x00000007802c0000)
}

