# JRE version: 7.0_09-b05
# Java VM: Java HotSpot(TM) 64-Bit Server VM (23.5-b02 mixed mode linux-amd64 compressed oops)
Heap
 PSYoungGen      total 131392K, used 101519K [0x00000007d6ab0000, 0x00000007e6b10000, 0x0000000800000000)
  eden space 123072K, 79% used [0x00000007d6ab0000,0x00000007dca17da8,0x00000007de2e0000)
  from space 8320K, 45% used [0x00000007deaf0000,0x00000007deeac250,0x00000007df310000)
  to   space 8256K, 0% used [0x00000007de2e0000,0x00000007de2e0000,0x00000007deaf0000)
 ParOldGen       total 84672K, used 5742K [0x0000000784000000, 0x00000007892b0000, 0x00000007d6ab0000)
  object space 84672K, 6% used [0x0000000784000000,0x000000078459ba48,0x00000007892b0000)
 PSPermGen       total 21248K, used 19299K [0x000000077ee00000, 0x00000007802c0000, 0x0000000784000000)
  object space 21248K, 90% used [0x000000077ee00000,0x00000007800d8f78,0x00000007802c0000)
GC Heap History (10 events):
Event: 2.251 GC heap before
{Heap before GC invocations=4 (full 0):
 PSYoungGen      total 37056K, used 36718K [0x00000007d6ab0000, 0x00000007db310000, 0x0000000800000000)
  eden space 31808K, 100% used [0x00000007d6ab0000,0x00000007d89c0000,0x00000007d89c0000)
  from space 5248K, 93% used [0x00000007d89c0000,0x00000007d8e8bb40,0x00000007d8ee0000)
  to   space 5248K, 0% used [0x00000007dadf0000,0x00000007dadf0000,0x00000007db310000)
 ParOldGen       total 84672K, used 24K [0x0000000784000000, 0x00000007892b0000, 0x00000007d6ab0000)
  object space 84672K, 0% used [0x0000000784000000,0x0000000784006000,0x00000007892b0000)
 PSPermGen       total 21248K, used 13686K [0x000000077ee00000, 0x00000007802c0000, 0x0000000784000000)
  object space 21248K, 64% used [0x000000077ee00000,0x000000077fb5d958,0x00000007802c0000)
Event: 2.259 GC heap after
Heap after GC invocations=4 (full 0):
 PSYoungGen      total 68864K, used 4997K [0x00000007d6ab0000, 0x00000007db310000, 0x0000000800000000)
  eden space 63616K, 0% used [0x00000007d6ab0000,0x00000007d6ab0000,0x00000007da8d0000)
  from space 5248K, 95% used [0x00000007dadf0000,0x00000007db2d1648,0x00000007db310000)
  to   space 5248K, 0% used [0x00000007da8d0000,0x00000007da8d0000,0x00000007dadf0000)
 ParOldGen       total 84672K, used 32K [0x0000000784000000, 0x00000007892b0000, 0x00000007d6ab0000)
  object space 84672K, 0% used [0x0000000784000000,0x0000000784008000,0x00000007892b0000)
 PSPermGen       total 21248K, used 13686K [0x000000077ee00000, 0x00000007802c0000, 0x0000000784000000)
  object space 21248K, 64% used [0x000000077ee00000,0x000000077fb5d958,0x00000007802c0000)
}
Event: 6.396 GC heap before
{Heap before GC invocations=5 (full 0):
 PSYoungGen      total 68864K, used 68613K [0x00000007d6ab0000, 0x00000007db310000, 0x0000000800000000)
  eden space 63616K, 100% used [0x00000007d6ab0000,0x00000007da8d0000,0x00000007da8d0000)
  from space 5248K, 95% used [0x00000007dadf0000,0x00000007db2d1648,0x00000007db310000)
  to   space 5248K, 0% used [0x00000007da8d0000,0x00000007da8d0000,0x00000007dadf0000)
 ParOldGen       total 84672K, used 32K [0x0000000784000000, 0x00000007892b0000, 0x00000007d6ab0000)
  object space 84672K, 0% used [0x0000000784000000,0x0000000784008000,0x00000007892b0000)
 PSPermGen       total 21248K, used 18166K [0x000000077ee00000, 0x00000007802c0000, 0x0000000784000000)
  object space 21248K, 85% used [0x000000077ee00000,0x000000077ffbd948,0x00000007802c0000)
Event: 6.406 GC heap after
Heap after GC invocations=5 (full 0):
 PSYoungGen      total 68864K, used 5224K [0x00000007d6ab0000, 0x00000007df530000, 0x0000000800000000)
  eden space 63616K, 0% used [0x00000007d6ab0000,0x00000007d6ab0000,0x00000007da8d0000)
  from space 5248K, 99% used [0x00000007da8d0000,0x00000007dadea1c0,0x00000007dadf0000)
  to   space 7296K, 0% used [0x00000007dee10000,0x00000007dee10000,0x00000007df530000)
 ParOldGen       total 84672K, used 2018K [0x0000000784000000, 0x00000007892b0000, 0x00000007d6ab0000)
  object space 84672K, 2% used [0x0000000784000000,0x00000007841f8928,0x00000007892b0000)
 PSPermGen       total 21248K, used 18166K [0x000000077ee00000, 0x00000007802c0000, 0x0000000784000000)
  object space 21248K, 85% used [0x000000077ee00000,0x000000077ffbd948,0x00000007802c0000)
}
Event: 14.839 GC heap before
{Heap before GC invocations=6 (full 0):
 PSYoungGen      total 68864K, used 68840K [0x00000007d6ab0000, 0x00000007df530000, 0x0000000800000000)
  eden space 63616K, 100% used [0x00000007d6ab0000,0x00000007da8d0000,0x00000007da8d0000)
  from space 5248K, 99% used [0x00000007da8d0000,0x00000007dadea1c0,0x00000007dadf0000)
  to   space 7296K, 0% used [0x00000007dee10000,0x00000007dee10000,0x00000007df530000)
 ParOldGen       total 84672K, used 2018K [0x0000000784000000, 0x00000007892b0000, 0x00000007d6ab0000)
  object space 84672K, 2% used [0x0000000784000000,0x00000007841f8928,0x00000007892b0000)
 PSPermGen       total 21248K, used 19092K [0x000000077ee00000, 0x00000007802c0000, 0x0000000784000000)
  object space 21248K, 89% used [0x000000077ee00000,0x00000007800a5188,0x00000007802c0000)
Event: 14.848 GC heap after
Heap after GC invocations=6 (full 0):
 PSYoungGen      total 68800K, used 7267K [0x00000007d6ab0000, 0x00000007df530000, 0x0000000800000000)
  eden space 61504K, 0% used [0x00000007d6ab0000,0x00000007d6ab0000,0x00000007da6c0000)
  from space 7296K, 99% used [0x00000007dee10000,0x00000007df528d00,0x00000007df530000)
  to   space 8384K, 0% used [0x00000007de4d0000,0x00000007de4d0000,0x00000007ded00000)
 ParOldGen       total 84672K, used 2439K [0x0000000784000000, 0x00000007892b0000, 0x00000007d6ab0000)
  object space 84672K, 2% used [0x0000000784000000,0x0000000784261fd0,0x00000007892b0000)
 PSPermGen       total 21248K, used 19092K [0x000000077ee00000, 0x00000007802c0000, 0x0000000784000000)
  object space 21248K, 89% used [0x000000077ee00000,0x00000007800a5188,0x00000007802c0000)
}
Event: 15.364 GC heap before
{Heap before GC invocations=7 (full 0):
 PSYoungGen      total 68800K, used 68771K [0x00000007d6ab0000, 0x00000007df530000, 0x0000000800000000)
  eden space 61504K, 100% used [0x00000007d6ab0000,0x00000007da6c0000,0x00000007da6c0000)
  from space 7296K, 99% used [0x00000007dee10000,0x00000007df528d00,0x00000007df530000)
  to   space 8384K, 0% used [0x00000007de4d0000,0x00000007de4d0000,0x00000007ded00000)
 ParOldGen       total 84672K, used 2439K [0x0000000784000000, 0x00000007892b0000, 0x00000007d6ab0000)
  object space 84672K, 2% used [0x0000000784000000,0x0000000784261fd0,0x00000007892b0000)
 PSPermGen       total 21248K, used 19146K [0x000000077ee00000, 0x00000007802c0000, 0x0000000784000000)
  object space 21248K, 90% used [0x000000077ee00000,0x00000007800b2908,0x00000007802c0000)
Event: 15.374 GC heap after
Heap after GC invocations=7 (full 0):
 PSYoungGen      total 127168K, used 4097K [0x00000007d6ab0000, 0x00000007df310000, 0x0000000800000000)
  eden space 123008K, 0% used [0x00000007d6ab0000,0x00000007d6ab0000,0x00000007de2d0000)
  from space 4160K, 98% used [0x00000007de4d0000,0x00000007de8d0480,0x00000007de8e0000)
  to   space 8320K, 0% used [0x00000007deaf0000,0x00000007deaf0000,0x00000007df310000)
 ParOldGen       total 84672K, used 4820K [0x0000000784000000, 0x00000007892b0000, 0x00000007d6ab0000)
  object space 84672K, 5% used [0x0000000784000000,0x00000007844b5238,0x00000007892b0000)
 PSPermGen       total 21248K, used 19146K [0x000000077ee00000, 0x00000007802c0000, 0x0000000784000000)
  object space 21248K, 90% used [0x000000077ee00000,0x00000007800b2908,0x00000007802c0000)
}
Event: 16.022 GC heap before
{Heap before GC invocations=8 (full 0):
 PSYoungGen      total 127168K, used 127105K [0x00000007d6ab0000, 0x00000007df310000, 0x0000000800000000)
  eden space 123008K, 100% used [0x00000007d6ab0000,0x00000007de2d0000,0x00000007de2d0000)
  from space 4160K, 98% used [0x00000007de4d0000,0x00000007de8d0480,0x00000007de8e0000)
  to   space 8320K, 0% used [0x00000007deaf0000,0x00000007deaf0000,0x00000007df310000)
 ParOldGen       total 84672K, used 4820K [0x0000000784000000, 0x00000007892b0000, 0x00000007d6ab0000)
  object space 84672K, 5% used [0x0000000784000000,0x00000007844b5238,0x00000007892b0000)
 PSPermGen       total 21248K, used 19227K [0x000000077ee00000, 0x00000007802c0000, 0x0000000784000000)
  object space 21248K, 90% used [0x000000077ee00000,0x00000007800c6d10,0x00000007802c0000)
Event: 16.030 GC heap after
Heap after GC invocations=8 (full 0):
 PSYoungGen      total 131392K, used 3824K [0x00000007d6ab0000, 0x00000007e6b10000, 0x0000000800000000)
  eden space 123072K, 0% used [0x00000007d6ab0000,0x00000007d6ab0000,0x00000007de2e0000)
  from space 8320K, 45% used [0x00000007deaf0000,0x00000007deeac250,0x00000007df310000)
  to   space 8256K, 0% used [0x00000007de2e0000,0x00000007de2e0000,0x00000007deaf0000)
 ParOldGen       total 84672K, used 5742K [0x0000000784000000, 0x00000007892b0000, 0x00000007d6ab0000)
  object space 84672K, 6% used [0x0000000784000000,0x000000078459ba48,0x00000007892b0000)
 PSPermGen       total 21248K, used 19227K [0x000000077ee00000, 0x00000007802c0000, 0x0000000784000000)
  object space 21248K, 90% used [0x000000077ee00000,0x00000007800c6d10,0x00000007802c0000)
}

