# JRE version: 7.0_09-b05
# Java VM: Java HotSpot(TM) 64-Bit Server VM (23.5-b02 mixed mode linux-amd64 compressed oops)
Heap
 PSYoungGen      total 56704K, used 6718K [0x00000007d6ab0000, 0x00000007dc670000, 0x0000000800000000)
  eden space 47360K, 11% used [0x00000007d6ab0000,0x00000007d7037908,0x00000007d98f0000)
  from space 9344K, 11% used [0x00000007d98f0000,0x00000007d99f8000,0x00000007da210000)
  to   space 9088K, 0% used [0x00000007dbd90000,0x00000007dbd90000,0x00000007dc670000)
 ParOldGen       total 84672K, used 11916K [0x0000000784000000, 0x00000007892b0000, 0x00000007d6ab0000)
  object space 84672K, 14% used [0x0000000784000000,0x0000000784ba3118,0x00000007892b0000)
 PSPermGen       total 21824K, used 21686K [0x000000077ee00000, 0x0000000780350000, 0x0000000784000000)
  object space 21824K, 99% used [0x000000077ee00000,0x000000078032db80,0x0000000780350000)
GC Heap History (10 events):
Event: 17.284 GC heap before
{Heap before GC invocations=11 (full 0):
 PSYoungGen      total 60864K, used 52448K [0x00000007d6ab0000, 0x00000007dc860000, 0x0000000800000000)
  eden space 51840K, 100% used [0x00000007d6ab0000,0x00000007d9d50000,0x00000007d9d50000)
  from space 9024K, 6% used [0x00000007da670000,0x00000007da708000,0x00000007daf40000)
  to   space 9344K, 0% used [0x00000007d9d50000,0x00000007d9d50000,0x00000007da670000)
 ParOldGen       total 84672K, used 10452K [0x0000000784000000, 0x00000007892b0000, 0x00000007d6ab0000)
  object space 84672K, 12% used [0x0000000784000000,0x0000000784a35118,0x00000007892b0000)
 PSPermGen       total 21632K, used 21570K [0x000000077ee00000, 0x0000000780320000, 0x0000000784000000)
  object space 21632K, 99% used [0x000000077ee00000,0x0000000780310900,0x0000000780320000)
Event: 17.286 GC heap after
Heap after GC invocations=11 (full 0):
 PSYoungGen      total 51392K, used 1104K [0x00000007d6ab0000, 0x00000007dae20000, 0x0000000800000000)
  eden space 50240K, 0% used [0x00000007d6ab0000,0x00000007d6ab0000,0x00000007d9bc0000)
  from space 1152K, 95% used [0x00000007d9d50000,0x00000007d9e64010,0x00000007d9e70000)
  to   space 9408K, 0% used [0x00000007da4f0000,0x00000007da4f0000,0x00000007dae20000)
 ParOldGen       total 84672K, used 10532K [0x0000000784000000, 0x00000007892b0000, 0x00000007d6ab0000)
  object space 84672K, 12% used [0x0000000784000000,0x0000000784a49118,0x00000007892b0000)
 PSPermGen       total 21632K, used 21570K [0x000000077ee00000, 0x0000000780320000, 0x0000000784000000)
  object space 21632K, 99% used [0x000000077ee00000,0x0000000780310900,0x0000000780320000)
}
Event: 17.673 GC heap before
{Heap before GC invocations=12 (full 0):
 PSYoungGen      total 51392K, used 51344K [0x00000007d6ab0000, 0x00000007dae20000, 0x0000000800000000)
  eden space 50240K, 100% used [0x00000007d6ab0000,0x00000007d9bc0000,0x00000007d9bc0000)
  from space 1152K, 95% used [0x00000007d9d50000,0x00000007d9e64010,0x00000007d9e70000)
  to   space 9408K, 0% used [0x00000007da4f0000,0x00000007da4f0000,0x00000007dae20000)
 ParOldGen       total 84672K, used 10532K [0x0000000784000000, 0x00000007892b0000, 0x00000007d6ab0000)
  object space 84672K, 12% used [0x0000000784000000,0x0000000784a49118,0x00000007892b0000)
 PSPermGen       total 21632K, used 21591K [0x000000077ee00000, 0x0000000780320000, 0x0000000784000000)
  object space 21632K, 99% used [0x000000077ee00000,0x0000000780315ed8,0x0000000780320000)
Event: 17.675 GC heap after
Heap after GC invocations=12 (full 0):
 PSYoungGen      total 56832K, used 512K [0x00000007d6ab0000, 0x00000007dace0000, 0x0000000800000000)
  eden space 48704K, 0% used [0x00000007d6ab0000,0x00000007d6ab0000,0x00000007d9a40000)
  from space 8128K, 6% used [0x00000007da4f0000,0x00000007da570000,0x00000007dace0000)
  to   space 9536K, 0% used [0x00000007d9a40000,0x00000007d9a40000,0x00000007da390000)
 ParOldGen       total 84672K, used 10564K [0x0000000784000000, 0x00000007892b0000, 0x00000007d6ab0000)
  object space 84672K, 12% used [0x0000000784000000,0x0000000784a51118,0x00000007892b0000)
 PSPermGen       total 21632K, used 21591K [0x000000077ee00000, 0x0000000780320000, 0x0000000784000000)
  object space 21632K, 99% used [0x000000077ee00000,0x0000000780315ed8,0x0000000780320000)
}
Event: 17.907 GC heap before
{Heap before GC invocations=13 (full 0):
 PSYoungGen      total 56832K, used 49216K [0x00000007d6ab0000, 0x00000007dace0000, 0x0000000800000000)
  eden space 48704K, 100% used [0x00000007d6ab0000,0x00000007d9a40000,0x00000007d9a40000)
  from space 8128K, 6% used [0x00000007da4f0000,0x00000007da570000,0x00000007dace0000)
  to   space 9536K, 0% used [0x00000007d9a40000,0x00000007d9a40000,0x00000007da390000)
 ParOldGen       total 84672K, used 10564K [0x0000000784000000, 0x00000007892b0000, 0x00000007d6ab0000)
  object space 84672K, 12% used [0x0000000784000000,0x0000000784a51118,0x00000007892b0000)
 PSPermGen       total 21824K, used 21636K [0x000000077ee00000, 0x0000000780350000, 0x0000000784000000)
  object space 21824K, 99% used [0x000000077ee00000,0x00000007803212d8,0x0000000780350000)
Event: 17.910 GC heap after
Heap after GC invocations=13 (full 0):
 PSYoungGen      total 47936K, used 704K [0x00000007d6ab0000, 0x00000007dab50000, 0x0000000800000000)
  eden space 47232K, 0% used [0x00000007d6ab0000,0x00000007d6ab0000,0x00000007d98d0000)
  from space 704K, 100% used [0x00000007d9a40000,0x00000007d9af0000,0x00000007d9af0000)
  to   space 9472K, 0% used [0x00000007da210000,0x00000007da210000,0x00000007dab50000)
 ParOldGen       total 84672K, used 10828K [0x0000000784000000, 0x00000007892b0000, 0x00000007d6ab0000)
  object space 84672K, 12% used [0x0000000784000000,0x0000000784a93118,0x00000007892b0000)
 PSPermGen       total 21824K, used 21636K [0x000000077ee00000, 0x0000000780350000, 0x0000000784000000)
  object space 21824K, 99% used [0x000000077ee00000,0x00000007803212d8,0x0000000780350000)
}
Event: 18.133 GC heap before
{Heap before GC invocations=14 (full 0):
 PSYoungGen      total 47936K, used 47936K [0x00000007d6ab0000, 0x00000007dab50000, 0x0000000800000000)
  eden space 47232K, 100% used [0x00000007d6ab0000,0x00000007d98d0000,0x00000007d98d0000)
  from space 704K, 100% used [0x00000007d9a40000,0x00000007d9af0000,0x00000007d9af0000)
  to   space 9472K, 0% used [0x00000007da210000,0x00000007da210000,0x00000007dab50000)
 ParOldGen       total 84672K, used 10828K [0x0000000784000000, 0x00000007892b0000, 0x00000007d6ab0000)
  object space 84672K, 12% used [0x0000000784000000,0x0000000784a93118,0x00000007892b0000)
 PSPermGen       total 21824K, used 21654K [0x000000077ee00000, 0x0000000780350000, 0x0000000784000000)
  object space 21824K, 99% used [0x000000077ee00000,0x0000000780325b78,0x0000000780350000)
Event: 18.136 GC heap after
Heap after GC invocations=14 (full 0):
 PSYoungGen      total 56832K, used 848K [0x00000007d6ab0000, 0x00000007dc6c0000, 0x0000000800000000)
  eden space 47360K, 0% used [0x00000007d6ab0000,0x00000007d6ab0000,0x00000007d98f0000)
  from space 9472K, 8% used [0x00000007da210000,0x00000007da2e4010,0x00000007dab50000)
  to   space 9344K, 0% used [0x00000007d98f0000,0x00000007d98f0000,0x00000007da210000)
 ParOldGen       total 84672K, used 11348K [0x0000000784000000, 0x00000007892b0000, 0x00000007d6ab0000)
  object space 84672K, 13% used [0x0000000784000000,0x0000000784b15118,0x00000007892b0000)
 PSPermGen       total 21824K, used 21654K [0x000000077ee00000, 0x0000000780350000, 0x0000000784000000)
  object space 21824K, 99% used [0x000000077ee00000,0x0000000780325b78,0x0000000780350000)
}
Event: 18.349 GC heap before
{Heap before GC invocations=15 (full 0):
 PSYoungGen      total 56832K, used 48208K [0x00000007d6ab0000, 0x00000007dc6c0000, 0x0000000800000000)
  eden space 47360K, 100% used [0x00000007d6ab0000,0x00000007d98f0000,0x00000007d98f0000)
  from space 9472K, 8% used [0x00000007da210000,0x00000007da2e4010,0x00000007dab50000)
  to   space 9344K, 0% used [0x00000007d98f0000,0x00000007d98f0000,0x00000007da210000)
 ParOldGen       total 84672K, used 11348K [0x0000000784000000, 0x00000007892b0000, 0x00000007d6ab0000)
  object space 84672K, 13% used [0x0000000784000000,0x0000000784b15118,0x00000007892b0000)
 PSPermGen       total 21824K, used 21666K [0x000000077ee00000, 0x0000000780350000, 0x0000000784000000)
  object space 21824K, 99% used [0x000000077ee00000,0x0000000780328818,0x0000000780350000)
Event: 18.352 GC heap after
Heap after GC invocations=15 (full 0):
 PSYoungGen      total 56704K, used 1056K [0x00000007d6ab0000, 0x00000007dc670000, 0x0000000800000000)
  eden space 47360K, 0% used [0x00000007d6ab0000,0x00000007d6ab0000,0x00000007d98f0000)
  from space 9344K, 11% used [0x00000007d98f0000,0x00000007d99f8000,0x00000007da210000)
  to   space 9088K, 0% used [0x00000007dbd90000,0x00000007dbd90000,0x00000007dc670000)
 ParOldGen       total 84672K, used 11916K [0x0000000784000000, 0x00000007892b0000, 0x00000007d6ab0000)
  object space 84672K, 14% used [0x0000000784000000,0x0000000784ba3118,0x00000007892b0000)
 PSPermGen       total 21824K, used 21666K [0x000000077ee00000, 0x0000000780350000, 0x0000000784000000)
  object space 21824K, 99% used [0x000000077ee00000,0x0000000780328818,0x0000000780350000)
}

