-------------------------------------------------------------------------------
Test set: com.example.domain.MySuiteTest
-------------------------------------------------------------------------------
Tests run: 1, Failures: 0, Errors: 1, Skipped: 0, Time elapsed: 12.188 sec <<< FAILURE!
testName(com.example.domain.MySuiteTest)  Time elapsed: 0.158 sec  <<< ERROR!
java.lang.NoClassDefFoundError: Lcom/thoughtworks/selenium/DefaultSelenium;
	at java.lang.Class.getDeclaredFields0(Native Method)
	at java.lang.Class.privateGetDeclaredFields(Class.java:2308)
	at java.lang.Class.getDeclaredFields(Class.java:1760)
	at org.junit.runners.model.TestClass.<init>(TestClass.java:44)
	at org.junit.runners.ParentRunner.<init>(ParentRunner.java:73)
	at org.junit.runners.BlockJUnit4ClassRunner.<init>(BlockJUnit4ClassRunner.java:55)
	at org.jboss.arquillian.junit.Arquillian.<init>(Arquillian.java:50)
	at sun.reflect.NativeConstructorAccessorImpl.newInstance0(Native Method)
	at sun.reflect.NativeConstructorAccessorImpl.newInstance(NativeConstructorAccessorImpl.java:57)
	at sun.reflect.DelegatingConstructorAccessorImpl.newInstance(DelegatingConstructorAccessorImpl.java:45)
	at java.lang.reflect.Constructor.newInstance(Constructor.java:525)
	at org.junit.internal.builders.AnnotatedBuilder.buildRunner(AnnotatedBuilder.java:31)
	at org.junit.internal.builders.AnnotatedBuilder.runnerForClass(AnnotatedBuilder.java:24)
	at org.junit.runners.model.RunnerBuilder.safeRunnerForClass(RunnerBuilder.java:57)
	at org.junit.internal.builders.AllDefaultPossibilitiesBuilder.runnerForClass(AllDefaultPossibilitiesBuilder.java:29)
	at org.junit.runners.model.RunnerBuilder.safeRunnerForClass(RunnerBuilder.java:57)
	at org.junit.internal.requests.ClassRequest.getRunner(ClassRequest.java:24)
	at org.junit.internal.requests.FilterRequest.getRunner(FilterRequest.java:33)
	at org.junit.runner.JUnitCore.run(JUnitCore.java:136)
	at org.jboss.arquillian.junit.container.JUnitTestRunner.execute(JUnitTestRunner.java:65)
	at org.jboss.arquillian.protocol.jmx.JMXTestRunner.runTestMethodInternal(JMXTestRunner.java:128)
	at org.jboss.arquillian.protocol.jmx.JMXTestRunner.runTestMethod(JMXTestRunner.java:107)
	at org.jboss.as.arquillian.service.ArquillianService$ExtendedJMXTestRunner.runTestMethod(ArquillianService.java:226)
	at sun.reflect.NativeMethodAccessorImpl.invoke0(Native Method)
	at sun.reflect.NativeMethodAccessorImpl.invoke(NativeMethodAccessorImpl.java:57)
	at sun.reflect.DelegatingMethodAccessorImpl.invoke(DelegatingMethodAccessorImpl.java:43)
	at java.lang.reflect.Method.invoke(Method.java:601)
	at com.sun.jmx.mbeanserver.StandardMBeanIntrospector.invokeM2(StandardMBeanIntrospector.java:111)
	at com.sun.jmx.mbeanserver.StandardMBeanIntrospector.invokeM2(StandardMBeanIntrospector.java:45)
	at com.sun.jmx.mbeanserver.MBeanIntrospector.invokeM(MBeanIntrospector.java:235)
	at com.sun.jmx.mbeanserver.PerInterface.invoke(PerInterface.java:138)
	at com.sun.jmx.mbeanserver.MBeanSupport.invoke(MBeanSupport.java:250)
	at com.sun.jmx.interceptor.DefaultMBeanServerInterceptor.invoke(DefaultMBeanServerInterceptor.java:819)
	at com.sun.jmx.mbeanserver.JmxMBeanServer.invoke(JmxMBeanServer.java:791)
	at org.jboss.as.jmx.PluggableMBeanServerImpl$TcclMBeanServer.invoke(PluggableMBeanServerImpl.java:498)
	at org.jboss.as.jmx.PluggableMBeanServerImpl.invoke(PluggableMBeanServerImpl.java:246)
	at org.jboss.remotingjmx.protocol.v1.ServerProxy$InvokeHandler.handle(ServerProxy.java:1034)
	at org.jboss.remotingjmx.protocol.v1.ServerProxy$MessageReciever$1.run(ServerProxy.java:215)
	at java.util.concurrent.ThreadPoolExecutor.runWorker(ThreadPoolExecutor.java:1110)
	at java.util.concurrent.ThreadPoolExecutor$Worker.run(ThreadPoolExecutor.java:603)
	at java.lang.Thread.run(Thread.java:722)
Caused by: java.lang.ClassNotFoundException: com.thoughtworks.selenium.DefaultSelenium from [Module "deployment.FBTutorialDemo.war:main" from Service Module Loader]
	at org.jboss.modules.ModuleClassLoader.findClass(ModuleClassLoader.java:190)
	at org.jboss.modules.ConcurrentClassLoader.performLoadClassUnchecked(ConcurrentClassLoader.java:468)
	at org.jboss.modules.ConcurrentClassLoader.performLoadClassChecked(ConcurrentClassLoader.java:456)
	at org.jboss.modules.ConcurrentClassLoader.performLoadClass(ConcurrentClassLoader.java:398)
	at org.jboss.modules.ConcurrentClassLoader.loadClass(ConcurrentClassLoader.java:120)
	... 41 more
