<?xml version="1.0" encoding="UTF-8" ?>
<testsuite failures="0" time="12.188" errors="1" skipped="0" tests="1" name="com.example.domain.MySuiteTest">
  <properties>
[...]
</properties>
  <testcase time="0.158" classname="com.example.domain.MySuiteTest" name="testName">
    <error message="Lcom/thoughtworks/selenium/DefaultSelenium;" type="java.lang.NoClassDefFoundError">java.lang.NoClassDefFoundError: Lcom/thoughtworks/selenium/DefaultSelenium;
	at java.lang.Class.getDeclaredFields0(Native Method)
	at java.lang.Class.privateGetDeclaredFields(Class.java:2308)
	at java.lang.Class.getDeclaredFields(Class.java:1760)
	at org.junit.runners.model.TestClass.&lt;init&gt;(TestClass.java:44)
	at org.junit.runners.ParentRunner.&lt;init&gt;(ParentRunner.java:73)
	at org.junit.runners.BlockJUnit4ClassRunner.&lt;init&gt;(BlockJUnit4ClassRunner.java:55)
	at org.jboss.arquillian.junit.Arquillian.&lt;init&gt;(Arquillian.java:50)
	at sun.reflect.NativeConstructorAccessorImpl.newInstance0(Native Method)
	at sun.reflect.NativeConstructorAccessorImpl.newInstance(NativeConstructorAccessorImpl.java:57)
	at sun.reflect.DelegatingConstructorAccessorImpl.newInstance(DelegatingConstructorAccessorImpl.java:45)
	at java.lang.reflect.Constructor.newInstance(Constructor.java:525)
	at org.junit.internal.builders.AnnotatedBuilder.buildRunner(AnnotatedBuilder.java:31)
	at org.junit.internal.builders.AnnotatedBuilder.runnerForClass(AnnotatedBuilder.java:24)
	at org.junit.runners.model.RunnerBuilder.safeRunnerForClass(RunnerBuilder.java:57)
	at org.junit.internal.builders.AllDefaultPossibilitiesBuilder.runnerForClass(AllDefaultPossibilitiesBuilder.java:29)
	at org.junit.runners.model.RunnerBuilder.safeRunnerForClass(RunnerBuilder.java:57)
	at org.junit.internal.requests.ClassRequest.getRunner(ClassRequest.java:24)
	at org.junit.internal.requests.FilterRequest.getRunner(FilterRequest.java:33)
	at org.junit.runner.JUnitCore.run(JUnitCore.java:136)
	at org.jboss.arquillian.junit.container.JUnitTestRunner.execute(JUnitTestRunner.java:65)
	at org.jboss.arquillian.protocol.jmx.JMXTestRunner.runTestMethodInternal(JMXTestRunner.java:128)
	at org.jboss.arquillian.protocol.jmx.JMXTestRunner.runTestMethod(JMXTestRunner.java:107)
	at org.jboss.as.arquillian.service.ArquillianService$ExtendedJMXTestRunner.runTestMethod(ArquillianService.java:226)
	at sun.reflect.NativeMethodAccessorImpl.invoke0(Native Method)
	at sun.reflect.NativeMethodAccessorImpl.invoke(NativeMethodAccessorImpl.java:57)
	at sun.reflect.DelegatingMethodAccessorImpl.invoke(DelegatingMethodAccessorImpl.java:43)
	at java.lang.reflect.Method.invoke(Method.java:601)
	at com.sun.jmx.mbeanserver.StandardMBeanIntrospector.invokeM2(StandardMBeanIntrospector.java:111)
	at com.sun.jmx.mbeanserver.StandardMBeanIntrospector.invokeM2(StandardMBeanIntrospector.java:45)
	at com.sun.jmx.mbeanserver.MBeanIntrospector.invokeM(MBeanIntrospector.java:235)
	at com.sun.jmx.mbeanserver.PerInterface.invoke(PerInterface.java:138)
	at com.sun.jmx.mbeanserver.MBeanSupport.invoke(MBeanSupport.java:250)
	at com.sun.jmx.interceptor.DefaultMBeanServerInterceptor.invoke(DefaultMBeanServerInterceptor.java:819)
	at com.sun.jmx.mbeanserver.JmxMBeanServer.invoke(JmxMBeanServer.java:791)
	at org.jboss.as.jmx.PluggableMBeanServerImpl$TcclMBeanServer.invoke(PluggableMBeanServerImpl.java:498)
	at org.jboss.as.jmx.PluggableMBeanServerImpl.invoke(PluggableMBeanServerImpl.java:246)
	at org.jboss.remotingjmx.protocol.v1.ServerProxy$InvokeHandler.handle(ServerProxy.java:1034)
	at org.jboss.remotingjmx.protocol.v1.ServerProxy$MessageReciever$1.run(ServerProxy.java:215)
	at java.util.concurrent.ThreadPoolExecutor.runWorker(ThreadPoolExecutor.java:1110)
	at java.util.concurrent.ThreadPoolExecutor$Worker.run(ThreadPoolExecutor.java:603)
	at java.lang.Thread.run(Thread.java:722)
Caused by: java.lang.ClassNotFoundException: com.thoughtworks.selenium.DefaultSelenium from [Module &quot;deployment.FBTutorialDemo.war:main&quot; from Service Module Loader]
	at org.jboss.modules.ModuleClassLoader.findClass(ModuleClassLoader.java:190)
	at org.jboss.modules.ConcurrentClassLoader.performLoadClassUnchecked(ConcurrentClassLoader.java:468)
	at org.jboss.modules.ConcurrentClassLoader.performLoadClassChecked(ConcurrentClassLoader.java:456)
	at org.jboss.modules.ConcurrentClassLoader.performLoadClass(ConcurrentClassLoader.java:398)
	at org.jboss.modules.ConcurrentClassLoader.loadClass(ConcurrentClassLoader.java:120)
	... 41 more
</error>
    <system-out>17:37:38.724 INFO - Command request: getNewBrowserSession[*firefox, http://localhost:8080, ] on session null
17:37:38.728 INFO - creating new remote session
17:37:38.752 INFO - Allocated session fa7c08d2a2aa445aab00ad87214b1e17 for http://localhost:8080, launching...
17:37:38.771 INFO - Preparing Firefox profile...
17:37:42.082 INFO - Launching Firefox...
17:37:45.789 INFO - Got result: OK,fa7c08d2a2aa445aab00ad87214b1e17 on session fa7c08d2a2aa445aab00ad87214b1e17
17:37:45.796 INFO - Command request: setSpeed[0, ] on session fa7c08d2a2aa445aab00ad87214b1e17
17:37:45.797 INFO - Got result: OK on session fa7c08d2a2aa445aab00ad87214b1e17
17:37:45.801 INFO - Command request: setTimeout[60000, ] on session fa7c08d2a2aa445aab00ad87214b1e17
17:37:45.830 INFO - Got result: OK on session fa7c08d2a2aa445aab00ad87214b1e17
</system-out>
    <system-err>log4j:WARN No appenders could be found for logger (org.jboss.logging).
log4j:WARN Please initialize the log4j system properly.
17:37:38.750 WARN - Caution: &apos;/usr/bin/firefox&apos;: file is a script file, not a real executable.  The browser environment is no longer fully under RC control
</system-err>
  </testcase>
</testsuite>