<?xml version="1.0" encoding="UTF-8" ?>
<testsuite failures="0" time="8.673" errors="1" skipped="0" tests="1" name="org.ocpsoft.keywords.MySuiteTest">
  <properties>
[...]
</properties>
  <testcase time="8.681" classname="org.ocpsoft.keywords.MySuiteTest" name="org.ocpsoft.keywords.MySuiteTest">
    <error message="DeploymentScenario contains a target (_DEFAULT_) not matching any defined Container in the registry.
Please include at least 1 Deployable Container on your Classpath." type="org.jboss.arquillian.container.test.impl.client.deployment.ValidationException">org.jboss.arquillian.container.test.impl.client.deployment.ValidationException: DeploymentScenario contains a target (_DEFAULT_) not matching any defined Container in the registry.
Please include at least 1 Deployable Container on your Classpath.
	at org.jboss.arquillian.container.test.impl.client.deployment.DeploymentGenerator.throwNoContainerFound(DeploymentGenerator.java:247)
	at org.jboss.arquillian.container.test.impl.client.deployment.DeploymentGenerator.throwTargetNotFoundValidationException(DeploymentGenerator.java:240)
	at org.jboss.arquillian.container.test.impl.client.deployment.DeploymentGenerator.validate(DeploymentGenerator.java:102)
	at org.jboss.arquillian.container.test.impl.client.deployment.DeploymentGenerator.generateDeployment(DeploymentGenerator.java:84)
	at sun.reflect.NativeMethodAccessorImpl.invoke0(Native Method)
	at sun.reflect.NativeMethodAccessorImpl.invoke(NativeMethodAccessorImpl.java:57)
	at sun.reflect.DelegatingMethodAccessorImpl.invoke(DelegatingMethodAccessorImpl.java:43)
	at java.lang.reflect.Method.invoke(Method.java:601)
	at org.jboss.arquillian.core.impl.ObserverImpl.invoke(ObserverImpl.java:90)
	at org.jboss.arquillian.core.impl.EventContextImpl.invokeObservers(EventContextImpl.java:99)
	at org.jboss.arquillian.core.impl.EventContextImpl.proceed(EventContextImpl.java:81)
	at org.jboss.arquillian.core.impl.ManagerImpl.fire(ManagerImpl.java:135)
	at org.jboss.arquillian.core.impl.ManagerImpl.fire(ManagerImpl.java:115)
	at org.jboss.arquillian.core.impl.EventImpl.fire(EventImpl.java:67)
	at org.jboss.arquillian.container.test.impl.client.ContainerEventController.execute(ContainerEventController.java:100)
	at sun.reflect.NativeMethodAccessorImpl.invoke0(Native Method)
	at sun.reflect.NativeMethodAccessorImpl.invoke(NativeMethodAccessorImpl.java:57)
	at sun.reflect.DelegatingMethodAccessorImpl.invoke(DelegatingMethodAccessorImpl.java:43)
	at java.lang.reflect.Method.invoke(Method.java:601)
	at org.jboss.arquillian.core.impl.ObserverImpl.invoke(ObserverImpl.java:90)
	at org.jboss.arquillian.core.impl.EventContextImpl.invokeObservers(EventContextImpl.java:99)
	at org.jboss.arquillian.core.impl.EventContextImpl.proceed(EventContextImpl.java:81)
	at org.jboss.arquillian.test.impl.TestContextHandler.createClassContext(TestContextHandler.java:75)
	at sun.reflect.NativeMethodAccessorImpl.invoke0(Native Method)
	at sun.reflect.NativeMethodAccessorImpl.invoke(NativeMethodAccessorImpl.java:57)
	at sun.reflect.DelegatingMethodAccessorImpl.invoke(DelegatingMethodAccessorImpl.java:43)
	at java.lang.reflect.Method.invoke(Method.java:601)
	at org.jboss.arquillian.core.impl.ObserverImpl.invoke(ObserverImpl.java:90)
	at org.jboss.arquillian.core.impl.EventContextImpl.proceed(EventContextImpl.java:88)
	at org.jboss.arquillian.test.impl.TestContextHandler.createSuiteContext(TestContextHandler.java:60)
	at sun.reflect.NativeMethodAccessorImpl.invoke0(Native Method)
	at sun.reflect.NativeMethodAccessorImpl.invoke(NativeMethodAccessorImpl.java:57)
	at sun.reflect.DelegatingMethodAccessorImpl.invoke(DelegatingMethodAccessorImpl.java:43)
	at java.lang.reflect.Method.invoke(Method.java:601)
	at org.jboss.arquillian.core.impl.ObserverImpl.invoke(ObserverImpl.java:90)
	at org.jboss.arquillian.core.impl.EventContextImpl.proceed(EventContextImpl.java:88)
	at org.jboss.arquillian.core.impl.ManagerImpl.fire(ManagerImpl.java:135)
	at org.jboss.arquillian.core.impl.ManagerImpl.fire(ManagerImpl.java:115)
	at org.jboss.arquillian.test.impl.EventTestRunnerAdaptor.beforeClass(EventTestRunnerAdaptor.java:80)
	at org.jboss.arquillian.junit.Arquillian$2.evaluate(Arquillian.java:182)
	at org.jboss.arquillian.junit.Arquillian.multiExecute(Arquillian.java:314)
	at org.jboss.arquillian.junit.Arquillian.access$100(Arquillian.java:46)
	at org.jboss.arquillian.junit.Arquillian$3.evaluate(Arquillian.java:199)
	at org.junit.runners.ParentRunner.run(ParentRunner.java:300)
	at org.jboss.arquillian.junit.Arquillian.run(Arquillian.java:147)
	at org.apache.maven.surefire.junit4.JUnit4TestSet.execute(JUnit4TestSet.java:53)
	at org.apache.maven.surefire.junit4.JUnit4Provider.executeTestSet(JUnit4Provider.java:123)
	at org.apache.maven.surefire.junit4.JUnit4Provider.invoke(JUnit4Provider.java:104)
	at sun.reflect.NativeMethodAccessorImpl.invoke0(Native Method)
	at sun.reflect.NativeMethodAccessorImpl.invoke(NativeMethodAccessorImpl.java:57)
	at sun.reflect.DelegatingMethodAccessorImpl.invoke(DelegatingMethodAccessorImpl.java:43)
	at java.lang.reflect.Method.invoke(Method.java:601)
	at org.apache.maven.surefire.util.ReflectionUtils.invokeMethodWithArray(ReflectionUtils.java:164)
	at org.apache.maven.surefire.booter.ProviderFactory$ProviderProxy.invoke(ProviderFactory.java:110)
	at org.apache.maven.surefire.booter.SurefireStarter.invokeProvider(SurefireStarter.java:175)
	at org.apache.maven.surefire.booter.SurefireStarter.runSuitesInProcessWhenForked(SurefireStarter.java:107)
	at org.apache.maven.surefire.booter.ForkedBooter.main(ForkedBooter.java:68)
</error>
    <system-out>15:11:46.704 INFO - Checking Resource aliases
15:11:46.710 INFO - Command request: getNewBrowserSession[*firefox, http://localhost:8080, ] on session null
15:11:46.714 INFO - creating new remote session
15:11:46.749 INFO - Allocated session 994b76e1a4e84223811ff002db2d66f7 for http://localhost:8080, launching...
15:11:46.781 INFO - Preparing Firefox profile...
15:11:50.848 INFO - Launching Firefox...
15:11:54.965 INFO - Got result: OK,994b76e1a4e84223811ff002db2d66f7 on session 994b76e1a4e84223811ff002db2d66f7
15:11:54.971 INFO - Command request: setSpeed[0, ] on session 994b76e1a4e84223811ff002db2d66f7
15:11:54.972 INFO - Got result: OK on session 994b76e1a4e84223811ff002db2d66f7
15:11:54.977 INFO - Command request: setTimeout[60000, ] on session 994b76e1a4e84223811ff002db2d66f7
15:11:55.022 INFO - Got result: OK on session 994b76e1a4e84223811ff002db2d66f7
15:11:55.034 INFO - Command request: close[, ] on session 994b76e1a4e84223811ff002db2d66f7
15:11:55.081 INFO - Got result: OK on session 994b76e1a4e84223811ff002db2d66f7
15:11:55.084 INFO - Command request: testComplete[, ] on session 994b76e1a4e84223811ff002db2d66f7
15:11:55.084 INFO - Killing Firefox...
15:11:55.306 INFO - Got result: OK on session 994b76e1a4e84223811ff002db2d66f7
</system-out>
    <system-err>15:11:46.746 WARN - Caution: &apos;/usr/bin/firefox&apos;: file is a script file, not a real executable.  The browser environment is no longer fully under RC control
</system-err>
  </testcase>
</testsuite>